INFO:root:Blob add op (255, 0, 0) + (0, 0, 255)
INFO:root:Blob add op (255, 0, 0) + (255, 0, 0)
INFO:root:Blob add op (255, 0, 0) + (255, 0, 0)
INFO:root:Blob add op (255, 0, 0) + (255, 0, 0)
INFO:root:Blob add op (255, 0, 0) + (255, 0, 0)
INFO:root:Blob add op (255, 0, 0) + (255, 0, 0)
INFO:root:Blob add op (255, 0, 0) + (255, 0, 0)
INFO:root:Blob add op (255, 0, 0) + (255, 0, 0)
INFO:root:Blob add op (255, 0, 0) + (255, 0, 0)
INFO:root:Blob add op (255, 0, 0) + (255, 0, 0)
INFO:root:Blob add op (255, 0, 0) + (255, 0, 0)
INFO:root:Blob add op (255, 0, 0) + (255, 0, 0)
INFO:root:Blob add op (255, 0, 0) + (255, 0, 0)
INFO:root:Blob add op (255, 0, 0) + (255, 0, 0)
INFO:root:Blob add op (255, 0, 0) + (255, 0, 0)
INFO:root:Blob add op (255, 0, 0) + (0, 0, 255)
INFO:root:Blob add op (255, 0, 0) + (255, 0, 0)
INFO:root:Blob add op (255, 0, 0) + (255, 0, 0)
INFO:root:Blob add op (255, 0, 0) + (255, 0, 0)
INFO:root:Blob add op (255, 0, 0) + (255, 0, 0)
INFO:root:Blob add op (255, 0, 0) + (255, 0, 0)
INFO:root:Blob add op (255, 0, 0) + (255, 0, 0)
INFO:root:Blob add op (255, 0, 0) + (255, 0, 0)
INFO:root:Blob add op (255, 0, 0) + (255, 0, 0)
INFO:root:Blob add op (255, 0, 0) + (255, 0, 0)
INFO:root:Blob add op (255, 0, 0) + (255, 0, 0)
INFO:root:Blob add op (255, 0, 0) + (255, 0, 0)
INFO:root:Blob add op (255, 0, 0) + (255, 0, 0)
INFO:root:Blob add op (255, 0, 0) + (255, 0, 0)
INFO:root:Blob add op (255, 0, 0) + (255, 0, 0)
INFO:root:Blob add op (255, 0, 0) + (255, 0, 0)
INFO:root:Blob add op (255, 0, 0) + (255, 0, 0)
INFO:root:Blob add op (255, 0, 0) + (255, 0, 0)
INFO:root:Blob add op (255, 0, 0) + (255, 0, 0)
INFO:root:Blob add op (255, 0, 0) + (255, 0, 0)
INFO:root:Blob add op (255, 0, 0) + (255, 0, 0)
INFO:root:Blob add op (255, 0, 0) + (255, 0, 0)
INFO:root:Blob add op (255, 0, 0) + (255, 0, 0)
INFO:root:Blob add op (255, 0, 0) + (255, 0, 0)
INFO:root:Blob add op (255, 0, 0) + (255, 0, 0)
INFO:root:Blob add op (255, 0, 0) + (255, 0, 0)
INFO:root:Blob add op (255, 0, 0) + (255, 0, 0)
INFO:root:Blob add op (255, 0, 0) + (255, 0, 0)
INFO:root:Blob add op (255, 0, 0) + (255, 0, 0)
INFO:root:Blob add op (255, 0, 0) + (255, 0, 0)
INFO:root:Blob add op (255, 0, 0) + (255, 0, 0)
INFO:root:Blob add op (255, 0, 0) + (255, 0, 0)
INFO:root:Blob add op (255, 0, 0) + (255, 0, 0)
INFO:root:Blob add op (255, 0, 0) + (255, 0, 0)
INFO:root:Blob add op (255, 0, 0) + (255, 0, 0)
INFO:root:Blob add op (255, 0, 0) + (255, 0, 0)
INFO:root:Blob add op (255, 0, 0) + (255, 0, 0)
INFO:root:Blob add op (255, 0, 0) + (255, 0, 0)
INFO:root:Blob add op (255, 0, 0) + (255, 0, 0)
INFO:root:Blob add op (255, 0, 0) + (255, 0, 0)
INFO:root:Blob add op (255, 0, 0) + (255, 0, 0)
INFO:root:Blob add op (255, 0, 0) + (255, 0, 0)
INFO:root:Blob add op (255, 0, 0) + (255, 0, 0)
INFO:root:Blob add op (255, 0, 0) + (255, 0, 0)
INFO:root:Blob add op (255, 0, 0) + (255, 0, 0)
INFO:root:Blob add op (255, 0, 0) + (255, 0, 0)
INFO:root:Blob add op (255, 0, 0) + (255, 0, 0)
INFO:root:Blob add op (255, 0, 0) + (255, 0, 0)
INFO:root:Blob add op (255, 0, 0) + (255, 0, 0)
INFO:root:Blob add op (255, 0, 0) + (0, 0, 255)
INFO:root:Blob add op (255, 0, 0) + (255, 0, 0)
INFO:root:Blob add op (255, 0, 0) + (255, 0, 0)
INFO:root:Blob add op (255, 0, 0) + (255, 0, 0)
INFO:root:Blob add op (255, 0, 0) + (255, 0, 0)
INFO:root:Blob add op (255, 0, 0) + (255, 0, 0)
INFO:root:Blob add op (255, 0, 0) + (255, 0, 0)
INFO:root:Blob add op (255, 0, 0) + (255, 0, 0)
INFO:root:Blob add op (255, 0, 0) + (255, 0, 0)
INFO:root:Blob add op (255, 0, 0) + (255, 0, 0)
INFO:root:Blob add op (255, 0, 0) + (255, 0, 0)
INFO:root:Blob add op (255, 0, 0) + (255, 0, 0)
INFO:root:Blob add op (255, 0, 0) + (0, 0, 255)
INFO:root:Blob add op (255, 0, 0) + (255, 0, 0)
INFO:root:Blob add op (255, 0, 0) + (255, 0, 0)
INFO:root:Blob add op (255, 0, 0) + (255, 0, 0)
INFO:root:Blob add op (255, 0, 0) + (255, 0, 0)
INFO:root:Blob add op (255, 0, 0) + (255, 0, 0)
INFO:root:Blob add op (255, 0, 0) + (255, 0, 0)
INFO:root:Blob add op (255, 0, 0) + (255, 0, 0)
INFO:root:Blob add op (255, 0, 0) + (255, 0, 0)
INFO:root:Blob add op (255, 0, 0) + (255, 0, 0)
INFO:root:Blob add op (255, 0, 0) + (255, 0, 0)
INFO:root:Blob add op (255, 0, 0) + (255, 0, 0)
INFO:root:Blob add op (255, 0, 0) + (255, 0, 0)
INFO:root:Blob add op (255, 0, 0) + (0, 0, 255)
INFO:root:Blob add op (255, 0, 0) + (255, 0, 0)
INFO:root:Blob add op (255, 0, 0) + (255, 0, 0)
INFO:root:Blob add op (255, 0, 0) + (255, 0, 0)
INFO:root:Blob add op (255, 0, 0) + (255, 0, 0)
INFO:root:Blob add op (255, 0, 0) + (255, 0, 0)
INFO:root:Blob add op (255, 0, 0) + (255, 0, 0)
INFO:root:Blob add op (255, 0, 0) + (255, 0, 0)
INFO:root:Blob add op (255, 0, 0) + (255, 0, 0)
INFO:root:Blob add op (255, 0, 0) + (255, 0, 0)
INFO:root:Blob add op (255, 0, 0) + (255, 0, 0)
INFO:root:Blob add op (255, 0, 0) + (255, 0, 0)
INFO:root:Blob add op (255, 0, 0) + (255, 0, 0)
INFO:root:Blob add op (255, 0, 0) + (255, 0, 0)
INFO:root:Blob add op (255, 0, 0) + (255, 0, 0)
INFO:root:Blob add op (255, 0, 0) + (255, 0, 0)
INFO:root:Blob add op (255, 0, 0) + (255, 0, 0)
INFO:root:Blob add op (255, 0, 0) + (255, 0, 0)
INFO:root:Blob add op (255, 0, 0) + (255, 0, 0)
INFO:root:Blob add op (255, 0, 0) + (255, 0, 0)
INFO:root:Blob add op (255, 0, 0) + (255, 0, 0)
INFO:root:Blob add op (255, 0, 0) + (255, 0, 0)
INFO:root:Blob add op (255, 0, 0) + (255, 0, 0)
INFO:root:Blob add op (255, 0, 0) + (255, 0, 0)
INFO:root:Blob add op (255, 0, 0) + (255, 0, 0)
INFO:root:Blob add op (255, 0, 0) + (255, 0, 0)
INFO:root:Blob add op (255, 0, 0) + (255, 0, 0)
INFO:root:Blob add op (255, 0, 0) + (0, 0, 255)
INFO:root:Blob add op (255, 0, 0) + (255, 0, 0)
INFO:root:Blob add op (255, 0, 0) + (255, 0, 0)
INFO:root:Blob add op (255, 0, 0) + (255, 0, 0)
INFO:root:Blob add op (255, 0, 0) + (255, 0, 0)
INFO:root:Blob add op (255, 0, 0) + (255, 0, 0)
INFO:root:Blob add op (255, 0, 0) + (255, 0, 0)
INFO:root:Blob add op (255, 0, 0) + (255, 0, 0)
INFO:root:Blob add op (255, 0, 0) + (255, 0, 0)
INFO:root:Blob add op (255, 0, 0) + (255, 0, 0)
INFO:root:Blob add op (255, 0, 0) + (255, 0, 0)
INFO:root:Blob add op (255, 0, 0) + (255, 0, 0)
INFO:root:Blob add op (255, 0, 0) + (255, 0, 0)
INFO:root:Blob add op (255, 0, 0) + (255, 0, 0)
INFO:root:Blob add op (255, 0, 0) + (255, 0, 0)
INFO:root:Blob add op (255, 0, 0) + (255, 0, 0)
INFO:root:Blob add op (255, 0, 0) + (255, 0, 0)
INFO:root:Blob add op (255, 0, 0) + (255, 0, 0)
INFO:root:Blob add op (255, 0, 0) + (255, 0, 0)
INFO:root:Blob add op (255, 0, 0) + (255, 0, 0)
INFO:root:Blob add op (255, 0, 0) + (255, 0, 0)
INFO:root:Blob add op (255, 0, 0) + (255, 0, 0)
INFO:root:Blob add op (255, 0, 0) + (255, 0, 0)
INFO:root:Blob add op (255, 0, 0) + (255, 0, 0)
INFO:root:Blob add op (255, 0, 0) + (255, 0, 0)
INFO:root:Blob add op (255, 0, 0) + (255, 0, 0)
INFO:root:Blob add op (255, 0, 0) + (255, 0, 0)
INFO:root:Blob add op (255, 0, 0) + (255, 0, 0)
INFO:root:Blob add op (255, 0, 0) + (255, 0, 0)
INFO:root:Blob add op (255, 0, 0) + (255, 0, 0)
INFO:root:Blob add op (255, 0, 0) + (255, 0, 0)
INFO:root:Blob add op (255, 0, 0) + (255, 0, 0)
INFO:root:Blob add op (255, 0, 0) + (255, 0, 0)
INFO:root:Blob add op (255, 0, 0) + (255, 0, 0)
INFO:root:Blob add op (255, 0, 0) + (255, 0, 0)
INFO:root:Blob add op (255, 0, 0) + (255, 0, 0)
INFO:root:Blob add op (255, 0, 0) + (255, 0, 0)
INFO:root:Blob add op (255, 0, 0) + (255, 0, 0)
INFO:root:Blob add op (255, 0, 0) + (255, 0, 0)
INFO:root:Blob add op (255, 0, 0) + (0, 0, 255)
INFO:root:Blob add op (255, 0, 0) + (255, 0, 0)
INFO:root:Blob add op (255, 0, 0) + (255, 0, 0)
INFO:root:Blob add op (255, 0, 0) + (255, 0, 0)
INFO:root:Blob add op (255, 0, 0) + (0, 0, 255)
INFO:root:Blob add op (255, 0, 0) + (0, 0, 255)
INFO:root:Blob add op (255, 0, 0) + (0, 0, 255)
INFO:root:Blob add op (255, 0, 0) + (0, 0, 255)
INFO:root:Blob add op (255, 0, 0) + (0, 0, 255)
INFO:root:Blob add op (255, 0, 0) + (255, 0, 0)
INFO:root:Blob add op (255, 0, 0) + (255, 0, 0)
INFO:root:Blob add op (255, 0, 0) + (255, 0, 0)
INFO:root:Blob add op (255, 0, 0) + (255, 0, 0)
INFO:root:Blob add op (255, 0, 0) + (255, 0, 0)
INFO:root:Blob add op (255, 0, 0) + (255, 0, 0)
INFO:root:Blob add op (255, 0, 0) + (255, 0, 0)
INFO:root:Blob add op (255, 0, 0) + (255, 0, 0)
INFO:root:Blob add op (255, 0, 0) + (255, 0, 0)
INFO:root:Blob add op (255, 0, 0) + (255, 0, 0)
INFO:root:Blob add op (255, 0, 0) + (255, 0, 0)
INFO:root:Blob add op (255, 0, 0) + (255, 0, 0)
INFO:root:Blob add op (255, 0, 0) + (255, 0, 0)
INFO:root:Blob add op (255, 0, 0) + (255, 0, 0)
INFO:root:Blob add op (255, 0, 0) + (255, 0, 0)
INFO:root:Blob add op (255, 0, 0) + (255, 0, 0)
INFO:root:Blob add op (255, 0, 0) + (255, 0, 0)
INFO:root:Blob add op (255, 0, 0) + (255, 0, 0)
INFO:root:Blob add op (255, 0, 0) + (255, 0, 0)
INFO:root:Blob add op (255, 0, 0) + (255, 0, 0)
INFO:root:Blob add op (255, 0, 0) + (255, 0, 0)
INFO:root:Blob add op (255, 0, 0) + (255, 0, 0)
INFO:root:Blob add op (255, 0, 0) + (255, 0, 0)
INFO:root:Blob add op (255, 0, 0) + (255, 0, 0)
INFO:root:Blob add op (255, 0, 0) + (255, 0, 0)
INFO:root:Blob add op (255, 0, 0) + (255, 0, 0)
INFO:root:Blob add op (255, 0, 0) + (255, 0, 0)
INFO:root:Blob add op (255, 0, 0) + (255, 0, 0)
INFO:root:Blob add op (255, 0, 0) + (0, 0, 255)
INFO:root:Blob add op (255, 0, 0) + (255, 0, 0)
INFO:root:Blob add op (255, 0, 0) + (255, 0, 0)
INFO:root:Blob add op (255, 0, 0) + (255, 0, 0)
INFO:root:Blob add op (255, 0, 0) + (255, 0, 0)
INFO:root:Blob add op (255, 0, 0) + (0, 0, 255)
INFO:root:Blob add op (255, 0, 0) + (255, 0, 0)
INFO:root:Blob add op (255, 0, 0) + (255, 0, 0)
INFO:root:Blob add op (255, 0, 0) + (255, 0, 0)
INFO:root:Blob add op (255, 0, 0) + (255, 0, 0)
INFO:root:Blob add op (255, 0, 0) + (255, 0, 0)
INFO:root:Blob add op (255, 0, 0) + (255, 0, 0)
INFO:root:Blob add op (255, 0, 0) + (255, 0, 0)
INFO:root:Blob add op (255, 0, 0) + (255, 0, 0)
INFO:root:Blob add op (255, 0, 0) + (255, 0, 0)
INFO:root:Blob add op (255, 0, 0) + (255, 0, 0)
INFO:root:Blob add op (255, 0, 0) + (255, 0, 0)
INFO:root:Blob add op (255, 0, 0) + (255, 0, 0)
INFO:root:Blob add op (255, 0, 0) + (255, 0, 0)
INFO:root:Blob add op (255, 0, 0) + (255, 0, 0)
INFO:root:Blob add op (255, 0, 0) + (255, 0, 0)
INFO:root:Blob add op (255, 0, 0) + (255, 0, 0)
INFO:root:Blob add op (255, 0, 0) + (255, 0, 0)
INFO:root:Blob add op (255, 0, 0) + (255, 0, 0)
INFO:root:Blob add op (255, 0, 0) + (255, 0, 0)
INFO:root:Blob add op (255, 0, 0) + (255, 0, 0)
INFO:root:Blob add op (255, 0, 0) + (255, 0, 0)
INFO:root:Blob add op (255, 0, 0) + (255, 0, 0)
INFO:root:Blob add op (255, 0, 0) + (255, 0, 0)
INFO:root:Blob add op (255, 0, 0) + (255, 0, 0)
INFO:root:Blob add op (255, 0, 0) + (255, 0, 0)
INFO:root:Blob add op (255, 0, 0) + (255, 0, 0)
INFO:root:Blob add op (255, 0, 0) + (255, 0, 0)
INFO:root:Blob add op (255, 0, 0) + (255, 0, 0)
INFO:root:Blob add op (255, 0, 0) + (255, 0, 0)
INFO:root:Blob add op (255, 0, 0) + (255, 0, 0)
INFO:root:Blob add op (255, 0, 0) + (255, 0, 0)
INFO:root:Blob add op (255, 0, 0) + (255, 0, 0)
INFO:root:Blob add op (255, 0, 0) + (255, 0, 0)
INFO:root:Blob add op (255, 0, 0) + (255, 0, 0)
INFO:root:Blob add op (255, 0, 0) + (255, 0, 0)
INFO:root:Blob add op (255, 0, 0) + (255, 0, 0)
INFO:root:Blob add op (255, 0, 0) + (255, 0, 0)
INFO:root:Blob add op (255, 0, 0) + (255, 0, 0)
INFO:root:Blob add op (255, 0, 0) + (255, 0, 0)
INFO:root:Blob add op (255, 0, 0) + (255, 0, 0)
INFO:root:Blob add op (255, 0, 0) + (0, 0, 255)
INFO:root:Blob add op (255, 0, 0) + (255, 0, 0)
INFO:root:Blob add op (255, 0, 0) + (255, 0, 0)
INFO:root:Blob add op (255, 0, 0) + (255, 0, 0)
INFO:root:Blob add op (255, 0, 0) + (255, 0, 0)
INFO:root:Blob add op (255, 0, 0) + (255, 0, 0)
INFO:root:Blob add op (255, 0, 0) + (255, 0, 0)
INFO:root:Blob add op (255, 0, 0) + (0, 0, 255)
INFO:root:Blob add op (255, 0, 0) + (255, 0, 0)
INFO:root:Blob add op (255, 0, 0) + (255, 0, 0)
INFO:root:Blob add op (255, 0, 0) + (255, 0, 0)
INFO:root:Blob add op (255, 0, 0) + (255, 0, 0)
INFO:root:Blob add op (255, 0, 0) + (255, 0, 0)
INFO:root:Blob add op (255, 0, 0) + (255, 0, 0)
INFO:root:Blob add op (255, 0, 0) + (255, 0, 0)
INFO:root:Blob add op (255, 0, 0) + (255, 0, 0)
INFO:root:Blob add op (255, 0, 0) + (255, 0, 0)
INFO:root:Blob add op (255, 0, 0) + (255, 0, 0)
INFO:root:Blob add op (255, 0, 0) + (255, 0, 0)
INFO:root:Blob add op (255, 0, 0) + (255, 0, 0)
INFO:root:Blob add op (255, 0, 0) + (255, 0, 0)
INFO:root:Blob add op (255, 0, 0) + (255, 0, 0)
INFO:root:Blob add op (255, 0, 0) + (255, 0, 0)
INFO:root:Blob add op (255, 0, 0) + (255, 0, 0)
INFO:root:Blob add op (255, 0, 0) + (255, 0, 0)
INFO:root:Blob add op (255, 0, 0) + (255, 0, 0)
INFO:root:Blob add op (255, 0, 0) + (255, 0, 0)
INFO:root:Blob add op (255, 0, 0) + (255, 0, 0)
INFO:root:Blob add op (255, 0, 0) + (255, 0, 0)
INFO:root:Blob add op (255, 0, 0) + (255, 0, 0)
INFO:root:Blob add op (255, 0, 0) + (255, 0, 0)
INFO:root:Blob add op (255, 0, 0) + (255, 0, 0)
INFO:root:Blob add op (255, 0, 0) + (255, 0, 0)
INFO:root:Blob add op (255, 0, 0) + (255, 0, 0)
INFO:root:Blob add op (255, 0, 0) + (0, 255, 0)
INFO:root:Blob add op (255, 0, 0) + (255, 0, 0)
INFO:root:Blob add op (255, 0, 0) + (255, 0, 0)
INFO:root:Blob add op (255, 0, 0) + (255, 0, 0)
INFO:root:Blob add op (255, 0, 0) + (255, 0, 0)
INFO:root:Blob add op (255, 0, 0) + (255, 0, 0)
INFO:root:Blob add op (255, 0, 0) + (255, 0, 0)
INFO:root:Blob add op (255, 0, 0) + (255, 0, 0)
INFO:root:Blob add op (255, 0, 0) + (255, 0, 0)
INFO:root:Blob add op (255, 0, 0) + (255, 0, 0)
INFO:root:Blob add op (255, 0, 0) + (255, 0, 0)
INFO:root:Blob add op (255, 0, 0) + (0, 0, 255)
INFO:root:Blob add op (255, 0, 0) + (255, 0, 0)
INFO:root:Blob add op (255, 0, 0) + (255, 0, 0)
INFO:root:Blob add op (255, 0, 0) + (255, 0, 0)
INFO:root:Blob add op (255, 0, 0) + (255, 0, 0)
INFO:root:Blob add op (255, 0, 0) + (255, 0, 0)
INFO:root:Blob add op (255, 0, 0) + (255, 0, 0)
INFO:root:Blob add op (255, 0, 0) + (255, 0, 0)
INFO:root:Blob add op (255, 0, 0) + (255, 0, 0)
INFO:root:Blob add op (255, 0, 0) + (255, 0, 0)
INFO:root:Blob add op (255, 0, 0) + (255, 0, 0)
INFO:root:Blob add op (255, 0, 0) + (255, 0, 0)
INFO:root:Blob add op (255, 0, 0) + (255, 0, 0)
INFO:root:Blob add op (255, 0, 0) + (0, 0, 255)
INFO:root:Blob add op (255, 0, 0) + (255, 0, 0)
INFO:root:Blob add op (255, 0, 0) + (255, 0, 0)
INFO:root:Blob add op (255, 0, 0) + (255, 0, 0)
INFO:root:Blob add op (255, 0, 0) + (255, 0, 0)
INFO:root:Blob add op (255, 0, 0) + (255, 0, 0)
INFO:root:Blob add op (255, 0, 0) + (255, 0, 0)
INFO:root:Blob add op (255, 0, 0) + (255, 0, 0)
INFO:root:Blob add op (255, 0, 0) + (255, 0, 0)
INFO:root:Blob add op (255, 0, 0) + (255, 0, 0)
INFO:root:Blob add op (255, 0, 0) + (255, 0, 0)
INFO:root:Blob add op (255, 0, 0) + (255, 0, 0)
INFO:root:Blob add op (255, 0, 0) + (255, 0, 0)
INFO:root:Blob add op (255, 0, 0) + (255, 0, 0)
INFO:root:Blob add op (255, 0, 0) + (255, 0, 0)
INFO:root:Blob add op (255, 0, 0) + (255, 0, 0)
INFO:root:Blob add op (255, 0, 0) + (255, 0, 0)
INFO:root:Blob add op (255, 0, 0) + (0, 0, 255)
INFO:root:Blob add op (255, 0, 0) + (0, 0, 255)
INFO:root:Blob add op (255, 0, 0) + (0, 0, 255)
INFO:root:Blob add op (255, 0, 0) + (255, 0, 0)
INFO:root:Blob add op (255, 0, 0) + (255, 0, 0)
INFO:root:Blob add op (255, 0, 0) + (255, 0, 0)
INFO:root:Blob add op (255, 0, 0) + (255, 0, 0)
INFO:root:Blob add op (255, 0, 0) + (255, 0, 0)
INFO:root:Blob add op (255, 0, 0) + (255, 0, 0)
INFO:root:Blob add op (255, 0, 0) + (255, 0, 0)
INFO:root:Blob add op (255, 0, 0) + (255, 0, 0)
INFO:root:Blob add op (255, 0, 0) + (255, 0, 0)
INFO:root:Blob add op (255, 0, 0) + (255, 0, 0)
INFO:root:Blob add op (255, 0, 0) + (255, 0, 0)
INFO:root:Blob add op (255, 0, 0) + (255, 0, 0)
INFO:root:Blob add op (255, 0, 0) + (255, 0, 0)
INFO:root:Blob add op (255, 0, 0) + (255, 0, 0)
INFO:root:Blob add op (255, 0, 0) + (255, 0, 0)
INFO:root:Blob add op (255, 0, 0) + (255, 0, 0)
INFO:root:Blob add op (255, 0, 0) + (255, 0, 0)
INFO:root:Blob add op (255, 0, 0) + (255, 0, 0)
INFO:root:Blob add op (255, 0, 0) + (0, 0, 255)
INFO:root:Blob add op (255, 0, 0) + (255, 0, 0)
INFO:root:Blob add op (255, 0, 0) + (255, 0, 0)
INFO:root:Blob add op (255, 0, 0) + (255, 0, 0)
INFO:root:Blob add op (255, 0, 0) + (255, 0, 0)
INFO:root:Blob add op (255, 0, 0) + (255, 0, 0)
INFO:root:Blob add op (255, 0, 0) + (255, 0, 0)
INFO:root:Blob add op (255, 0, 0) + (255, 0, 0)
INFO:root:Blob add op (255, 0, 0) + (255, 0, 0)
INFO:root:Blob add op (255, 0, 0) + (255, 0, 0)
INFO:root:Blob add op (255, 0, 0) + (255, 0, 0)
INFO:root:Blob add op (255, 0, 0) + (255, 0, 0)
INFO:root:Blob add op (255, 0, 0) + (255, 0, 0)
INFO:root:Blob add op (255, 0, 0) + (255, 0, 0)
INFO:root:Blob add op (255, 0, 0) + (255, 0, 0)
INFO:root:Blob add op (255, 0, 0) + (255, 0, 0)
INFO:root:Blob add op (255, 0, 0) + (255, 0, 0)
INFO:root:Blob add op (255, 0, 0) + (255, 0, 0)
INFO:root:Blob add op (255, 0, 0) + (255, 0, 0)
INFO:root:Blob add op (255, 0, 0) + (255, 0, 0)
INFO:root:Blob add op (255, 0, 0) + (255, 0, 0)
INFO:root:Blob add op (255, 0, 0) + (255, 0, 0)
INFO:root:Blob add op (255, 0, 0) + (255, 0, 0)
INFO:root:Blob add op (255, 0, 0) + (255, 0, 0)
INFO:root:Blob add op (255, 0, 0) + (255, 0, 0)
INFO:root:Blob add op (255, 0, 0) + (255, 0, 0)
INFO:root:Blob add op (255, 0, 0) + (255, 0, 0)
INFO:root:Blob add op (255, 0, 0) + (255, 0, 0)
INFO:root:Blob add op (255, 0, 0) + (255, 0, 0)
INFO:root:Blob add op (255, 0, 0) + (255, 0, 0)
INFO:root:Blob add op (255, 0, 0) + (255, 0, 0)
INFO:root:Blob add op (255, 0, 0) + (255, 0, 0)
INFO:root:Blob add op (255, 0, 0) + (255, 0, 0)
INFO:root:Blob add op (255, 0, 0) + (255, 0, 0)
INFO:root:Blob add op (255, 0, 0) + (255, 0, 0)
INFO:root:Blob add op (255, 0, 0) + (255, 0, 0)
INFO:root:Blob add op (255, 0, 0) + (255, 0, 0)
INFO:root:Blob add op (255, 0, 0) + (255, 0, 0)
INFO:root:Blob add op (255, 0, 0) + (255, 0, 0)
INFO:root:Blob add op (255, 0, 0) + (255, 0, 0)
INFO:root:Blob add op (255, 0, 0) + (255, 0, 0)
INFO:root:Blob add op (255, 0, 0) + (255, 0, 0)
INFO:root:Blob add op (255, 0, 0) + (255, 0, 0)
INFO:root:Blob add op (255, 0, 0) + (255, 0, 0)
INFO:root:Blob add op (255, 0, 0) + (255, 0, 0)
INFO:root:Blob add op (255, 0, 0) + (255, 0, 0)
INFO:root:Blob add op (255, 0, 0) + (255, 0, 0)
INFO:root:Blob add op (255, 0, 0) + (255, 0, 0)
INFO:root:Blob add op (255, 0, 0) + (255, 0, 0)
INFO:root:Blob add op (255, 0, 0) + (255, 0, 0)
INFO:root:Blob add op (255, 0, 0) + (255, 0, 0)
INFO:root:Blob add op (255, 0, 0) + (255, 0, 0)
INFO:root:Blob add op (255, 0, 0) + (255, 0, 0)
INFO:root:Blob add op (255, 0, 0) + (255, 0, 0)
INFO:root:Blob add op (255, 0, 0) + (255, 0, 0)
INFO:root:Blob add op (255, 0, 0) + (255, 0, 0)
INFO:root:Blob add op (255, 0, 0) + (255, 0, 0)
INFO:root:Blob add op (255, 0, 0) + (255, 0, 0)
INFO:root:Blob add op (255, 0, 0) + (255, 0, 0)
INFO:root:Blob add op (255, 0, 0) + (255, 0, 0)
INFO:root:Blob add op (255, 0, 0) + (255, 0, 0)
INFO:root:Blob add op (255, 0, 0) + (255, 0, 0)
INFO:root:Blob add op (255, 0, 0) + (255, 0, 0)
INFO:root:Blob add op (255, 0, 0) + (255, 0, 0)
INFO:root:Blob add op (255, 0, 0) + (255, 0, 0)
INFO:root:Blob add op (255, 0, 0) + (255, 0, 0)
INFO:root:Blob add op (255, 0, 0) + (255, 0, 0)
INFO:root:Blob add op (255, 0, 0) + (255, 0, 0)
INFO:root:Blob add op (255, 0, 0) + (255, 0, 0)
INFO:root:Blob add op (255, 0, 0) + (255, 0, 0)
INFO:root:Blob add op (255, 0, 0) + (255, 0, 0)
INFO:root:Blob add op (255, 0, 0) + (255, 0, 0)
INFO:root:Blob add op (255, 0, 0) + (255, 0, 0)
INFO:root:Blob add op (255, 0, 0) + (255, 0, 0)
INFO:root:Blob add op (255, 0, 0) + (255, 0, 0)
INFO:root:Blob add op (255, 0, 0) + (255, 0, 0)
INFO:root:Blob add op (255, 0, 0) + (255, 0, 0)
INFO:root:Blob add op (255, 0, 0) + (255, 0, 0)
INFO:root:Blob add op (255, 0, 0) + (0, 0, 255)
INFO:root:Blob add op (255, 0, 0) + (255, 0, 0)
INFO:root:Blob add op (255, 0, 0) + (255, 0, 0)
INFO:root:Blob add op (255, 0, 0) + (255, 0, 0)
INFO:root:Blob add op (255, 0, 0) + (255, 0, 0)
INFO:root:Blob add op (255, 0, 0) + (255, 0, 0)
INFO:root:Blob add op (255, 0, 0) + (255, 0, 0)
INFO:root:Blob add op (255, 0, 0) + (255, 0, 0)
INFO:root:Blob add op (255, 0, 0) + (255, 0, 0)
INFO:root:Blob add op (255, 0, 0) + (255, 0, 0)
INFO:root:Blob add op (255, 0, 0) + (255, 0, 0)
INFO:root:Blob add op (255, 0, 0) + (255, 0, 0)
INFO:root:Blob add op (255, 0, 0) + (255, 0, 0)
INFO:root:Blob add op (255, 0, 0) + (255, 0, 0)
INFO:root:Blob add op (255, 0, 0) + (255, 0, 0)
INFO:root:Blob add op (255, 0, 0) + (255, 0, 0)
INFO:root:Blob add op (255, 0, 0) + (0, 0, 255)
INFO:root:Blob add op (255, 0, 0) + (255, 0, 0)
INFO:root:Blob add op (255, 0, 0) + (255, 0, 0)
INFO:root:Blob add op (255, 0, 0) + (255, 0, 0)
INFO:root:Blob add op (255, 0, 0) + (255, 0, 0)
INFO:root:Blob add op (255, 0, 0) + (255, 0, 0)
INFO:root:Blob add op (255, 0, 0) + (255, 0, 0)
INFO:root:Blob add op (255, 0, 0) + (0, 0, 255)
INFO:root:Blob add op (255, 0, 0) + (255, 0, 0)
INFO:root:Blob add op (255, 0, 0) + (255, 0, 0)
INFO:root:Blob add op (255, 0, 0) + (255, 0, 0)
INFO:root:Blob add op (255, 0, 0) + (255, 0, 0)
INFO:root:Blob add op (255, 0, 0) + (255, 0, 0)
INFO:root:Blob add op (255, 0, 0) + (255, 0, 0)
INFO:root:Blob add op (255, 0, 0) + (255, 0, 0)
INFO:root:Blob add op (255, 0, 0) + (255, 0, 0)
INFO:root:Blob add op (255, 0, 0) + (255, 0, 0)
INFO:root:Blob add op (255, 0, 0) + (255, 0, 0)
INFO:root:Blob add op (255, 0, 0) + (255, 0, 0)
INFO:root:Blob add op (255, 0, 0) + (255, 0, 0)
INFO:root:Blob add op (255, 0, 0) + (255, 0, 0)
INFO:root:Blob add op (255, 0, 0) + (0, 0, 255)
INFO:root:Blob add op (255, 0, 0) + (255, 0, 0)
INFO:root:Blob add op (255, 0, 0) + (255, 0, 0)
INFO:root:Blob add op (255, 0, 0) + (255, 0, 0)
INFO:root:Blob add op (255, 0, 0) + (255, 0, 0)
INFO:root:Blob add op (255, 0, 0) + (255, 0, 0)
INFO:root:Blob add op (255, 0, 0) + (255, 0, 0)
INFO:root:Blob add op (255, 0, 0) + (255, 0, 0)
INFO:root:Blob add op (255, 0, 0) + (255, 0, 0)
INFO:root:Blob add op (255, 0, 0) + (255, 0, 0)
INFO:root:Blob add op (255, 0, 0) + (255, 0, 0)
INFO:root:Blob add op (255, 0, 0) + (255, 0, 0)
INFO:root:Blob add op (255, 0, 0) + (255, 0, 0)
INFO:root:Blob add op (255, 0, 0) + (255, 0, 0)
INFO:root:Blob add op (255, 0, 0) + (255, 0, 0)
INFO:root:Blob add op (255, 0, 0) + (255, 0, 0)
INFO:root:Blob add op (255, 0, 0) + (255, 0, 0)
INFO:root:Blob add op (255, 0, 0) + (255, 0, 0)
INFO:root:Blob add op (255, 0, 0) + (255, 0, 0)
INFO:root:Blob add op (255, 0, 0) + (255, 0, 0)
INFO:root:Blob add op (255, 0, 0) + (255, 0, 0)
INFO:root:Blob add op (255, 0, 0) + (255, 0, 0)
INFO:root:Blob add op (255, 0, 0) + (255, 0, 0)
INFO:root:Blob add op (255, 0, 0) + (255, 0, 0)
INFO:root:Blob add op (255, 0, 0) + (0, 0, 255)
INFO:root:Blob add op (255, 0, 0) + (255, 0, 0)
INFO:root:Blob add op (255, 0, 0) + (255, 0, 0)
INFO:root:Blob add op (255, 0, 0) + (255, 0, 0)
INFO:root:Blob add op (255, 0, 0) + (255, 0, 0)
INFO:root:Blob add op (255, 0, 0) + (255, 0, 0)
INFO:root:Blob add op (255, 0, 0) + (255, 0, 0)
INFO:root:Blob add op (255, 0, 0) + (255, 0, 0)
INFO:root:Blob add op (255, 0, 0) + (255, 0, 0)
INFO:root:Blob add op (255, 0, 0) + (255, 0, 0)
INFO:root:Blob add op (255, 0, 0) + (255, 0, 0)
INFO:root:Blob add op (255, 0, 0) + (255, 0, 0)
INFO:root:Blob add op (255, 0, 0) + (255, 0, 0)
INFO:root:Blob add op (255, 0, 0) + (255, 0, 0)
INFO:root:Blob add op (255, 0, 0) + (255, 0, 0)
INFO:root:Blob add op (255, 0, 0) + (255, 0, 0)
INFO:root:Blob add op (255, 0, 0) + (255, 0, 0)
INFO:root:Blob add op (255, 0, 0) + (255, 0, 0)
INFO:root:Blob add op (255, 0, 0) + (255, 0, 0)
INFO:root:Blob add op (255, 0, 0) + (255, 0, 0)
INFO:root:Blob add op (255, 0, 0) + (255, 0, 0)
INFO:root:Blob add op (255, 0, 0) + (255, 0, 0)
INFO:root:Blob add op (255, 0, 0) + (255, 0, 0)
INFO:root:Blob add op (255, 0, 0) + (255, 0, 0)
INFO:root:Blob add op (255, 0, 0) + (255, 0, 0)
INFO:root:Blob add op (255, 0, 0) + (255, 0, 0)
INFO:root:Blob add op (255, 0, 0) + (255, 0, 0)
INFO:root:Blob add op (255, 0, 0) + (255, 0, 0)
INFO:root:Blob add op (255, 0, 0) + (255, 0, 0)
INFO:root:Blob add op (255, 0, 0) + (255, 0, 0)
INFO:root:Blob add op (255, 0, 0) + (255, 0, 0)
INFO:root:Blob add op (255, 0, 0) + (255, 0, 0)
INFO:root:Blob add op (255, 0, 0) + (255, 0, 0)
INFO:root:Blob add op (255, 0, 0) + (255, 0, 0)
INFO:root:Blob add op (255, 0, 0) + (255, 0, 0)
INFO:root:Blob add op (255, 0, 0) + (255, 0, 0)
INFO:root:Blob add op (255, 0, 0) + (255, 0, 0)
INFO:root:Blob add op (255, 0, 0) + (255, 0, 0)
INFO:root:Blob add op (255, 0, 0) + (255, 0, 0)
INFO:root:Blob add op (255, 0, 0) + (255, 0, 0)
INFO:root:Blob add op (255, 0, 0) + (255, 0, 0)
INFO:root:Blob add op (255, 0, 0) + (255, 0, 0)
INFO:root:Blob add op (255, 0, 0) + (255, 0, 0)
INFO:root:Blob add op (255, 0, 0) + (255, 0, 0)
INFO:root:Blob add op (255, 0, 0) + (255, 0, 0)
INFO:root:Blob add op (255, 0, 0) + (255, 0, 0)
INFO:root:Blob add op (255, 0, 0) + (255, 0, 0)
INFO:root:Blob add op (255, 0, 0) + (0, 0, 255)
INFO:root:Blob add op (255, 0, 0) + (255, 0, 0)
INFO:root:Blob add op (255, 0, 0) + (255, 0, 0)
INFO:root:Blob add op (255, 0, 0) + (255, 0, 0)
INFO:root:Blob add op (255, 0, 0) + (255, 0, 0)
INFO:root:Blob add op (255, 0, 0) + (255, 0, 0)
INFO:root:Blob add op (255, 0, 0) + (255, 0, 0)
INFO:root:Blob add op (255, 0, 0) + (255, 0, 0)
INFO:root:Blob add op (255, 0, 0) + (255, 0, 0)
INFO:root:Blob add op (255, 0, 0) + (255, 0, 0)
INFO:root:Blob add op (255, 0, 0) + (255, 0, 0)
INFO:root:Blob add op (255, 0, 0) + (255, 0, 0)
INFO:root:Blob add op (255, 0, 0) + (255, 0, 0)
INFO:root:Blob add op (255, 0, 0) + (0, 255, 0)
INFO:root:Blob add op (255, 0, 0) + (255, 0, 0)
INFO:root:Blob add op (255, 0, 0) + (255, 0, 0)
INFO:root:Blob add op (255, 0, 0) + (0, 0, 255)
INFO:root:Blob add op (255, 0, 0) + (0, 0, 255)
INFO:root:Blob add op (255, 0, 0) + (0, 255, 0)
INFO:root:Blob add op (255, 0, 0) + (255, 0, 0)
INFO:root:Blob add op (255, 0, 0) + (255, 0, 0)
INFO:root:Blob add op (255, 0, 0) + (0, 0, 255)
INFO:root:Blob add op (255, 0, 0) + (0, 0, 255)
INFO:root:Blob add op (255, 0, 0) + (255, 0, 0)
INFO:root:Blob add op (255, 0, 0) + (255, 0, 0)
INFO:root:Blob add op (255, 0, 0) + (255, 0, 0)
INFO:root:Blob add op (255, 0, 0) + (255, 0, 0)
INFO:root:Blob add op (255, 0, 0) + (255, 0, 0)
INFO:root:Blob add op (255, 0, 0) + (255, 0, 0)
INFO:root:Blob add op (255, 0, 0) + (255, 0, 0)
INFO:root:Blob add op (255, 0, 0) + (255, 0, 0)
INFO:root:Blob add op (255, 0, 0) + (255, 0, 0)
INFO:root:Blob add op (255, 0, 0) + (255, 0, 0)
INFO:root:Blob add op (255, 0, 0) + (255, 0, 0)
INFO:root:Blob add op (255, 0, 0) + (255, 0, 0)
INFO:root:Blob add op (255, 0, 0) + (255, 0, 0)
INFO:root:Blob add op (255, 0, 0) + (255, 0, 0)
INFO:root:Blob add op (255, 0, 0) + (0, 0, 255)
INFO:root:Blob add op (255, 0, 0) + (255, 0, 0)
INFO:root:Blob add op (255, 0, 0) + (255, 0, 0)
INFO:root:Blob add op (255, 0, 0) + (255, 0, 0)
INFO:root:Blob add op (255, 0, 0) + (255, 0, 0)
INFO:root:Blob add op (255, 0, 0) + (255, 0, 0)
INFO:root:Blob add op (255, 0, 0) + (255, 0, 0)
INFO:root:Blob add op (255, 0, 0) + (255, 0, 0)
INFO:root:Blob add op (255, 0, 0) + (255, 0, 0)
INFO:root:Blob add op (255, 0, 0) + (0, 0, 255)
INFO:root:Blob add op (255, 0, 0) + (0, 255, 0)
INFO:root:Blob add op (255, 0, 0) + (0, 0, 255)
INFO:root:Blob add op (255, 0, 0) + (0, 0, 255)
INFO:root:Blob add op (255, 0, 0) + (0, 0, 255)
INFO:root:Blob add op (255, 0, 0) + (0, 255, 0)
INFO:root:Blob add op (255, 0, 0) + (0, 0, 255)
INFO:root:Blob add op (255, 0, 0) + (255, 0, 0)
INFO:root:Blob add op (255, 0, 0) + (255, 0, 0)
INFO:root:Blob add op (255, 0, 0) + (255, 0, 0)
INFO:root:Blob add op (255, 0, 0) + (255, 0, 0)
INFO:root:Blob add op (255, 0, 0) + (255, 0, 0)
INFO:root:Blob add op (255, 0, 0) + (255, 0, 0)
INFO:root:Blob add op (255, 0, 0) + (255, 0, 0)
INFO:root:Blob add op (255, 0, 0) + (255, 0, 0)
INFO:root:Blob add op (255, 0, 0) + (255, 0, 0)
INFO:root:Blob add op (255, 0, 0) + (255, 0, 0)
INFO:root:Blob add op (255, 0, 0) + (255, 0, 0)
INFO:root:Blob add op (255, 0, 0) + (255, 0, 0)
INFO:root:Blob add op (255, 0, 0) + (0, 0, 255)
INFO:root:Blob add op (255, 0, 0) + (0, 0, 255)
INFO:root:Blob add op (255, 0, 0) + (0, 0, 255)
INFO:root:Blob add op (255, 0, 0) + (0, 255, 0)
INFO:root:Blob add op (255, 0, 0) + (255, 0, 0)
INFO:root:Blob add op (255, 0, 0) + (255, 0, 0)
INFO:root:Blob add op (255, 0, 0) + (255, 0, 0)
INFO:root:Blob add op (255, 0, 0) + (255, 0, 0)
INFO:root:Blob add op (255, 0, 0) + (255, 0, 0)
INFO:root:Blob add op (255, 0, 0) + (255, 0, 0)
INFO:root:Blob add op (255, 0, 0) + (255, 0, 0)
INFO:root:Blob add op (255, 0, 0) + (255, 0, 0)
INFO:root:Blob add op (255, 0, 0) + (255, 0, 0)
INFO:root:Blob add op (255, 0, 0) + (255, 0, 0)
INFO:root:Blob add op (255, 0, 0) + (255, 0, 0)
INFO:root:Blob add op (255, 0, 0) + (255, 0, 0)
INFO:root:Blob add op (255, 0, 0) + (255, 0, 0)
INFO:root:Blob add op (255, 0, 0) + (255, 0, 0)
INFO:root:Blob add op (255, 0, 0) + (255, 0, 0)
INFO:root:Blob add op (255, 0, 0) + (255, 0, 0)
INFO:root:Blob add op (255, 0, 0) + (255, 0, 0)
INFO:root:Blob add op (255, 0, 0) + (255, 0, 0)
INFO:root:Blob add op (255, 0, 0) + (255, 0, 0)
INFO:root:Blob add op (255, 0, 0) + (255, 0, 0)
INFO:root:Blob add op (255, 0, 0) + (255, 0, 0)
INFO:root:Blob add op (255, 0, 0) + (255, 0, 0)
INFO:root:Blob add op (255, 0, 0) + (255, 0, 0)
INFO:root:Blob add op (255, 0, 0) + (0, 0, 255)
INFO:root:Blob add op (255, 0, 0) + (255, 0, 0)
INFO:root:Blob add op (255, 0, 0) + (255, 0, 0)
INFO:root:Blob add op (255, 0, 0) + (255, 0, 0)
INFO:root:Blob add op (255, 0, 0) + (255, 0, 0)
INFO:root:Blob add op (255, 0, 0) + (0, 0, 255)
INFO:root:Blob add op (255, 0, 0) + (0, 0, 255)
INFO:root:Blob add op (255, 0, 0) + (255, 0, 0)
INFO:root:Blob add op (255, 0, 0) + (255, 0, 0)
INFO:root:Blob add op (255, 0, 0) + (255, 0, 0)
INFO:root:Blob add op (255, 0, 0) + (255, 0, 0)
INFO:root:Blob add op (255, 0, 0) + (255, 0, 0)
INFO:root:Blob add op (255, 0, 0) + (255, 0, 0)
INFO:root:Blob add op (255, 0, 0) + (255, 0, 0)
INFO:root:Blob add op (255, 0, 0) + (255, 0, 0)
INFO:root:Blob add op (255, 0, 0) + (255, 0, 0)
INFO:root:Blob add op (255, 0, 0) + (255, 0, 0)
INFO:root:Blob add op (255, 0, 0) + (255, 0, 0)
INFO:root:Blob add op (255, 0, 0) + (255, 0, 0)
INFO:root:Blob add op (255, 0, 0) + (255, 0, 0)
INFO:root:Blob add op (255, 0, 0) + (255, 0, 0)
INFO:root:Blob add op (255, 0, 0) + (255, 0, 0)
INFO:root:Blob add op (255, 0, 0) + (255, 0, 0)
INFO:root:Blob add op (255, 0, 0) + (255, 0, 0)
INFO:root:Blob add op (255, 0, 0) + (255, 0, 0)
INFO:root:Blob add op (255, 0, 0) + (255, 0, 0)
INFO:root:Blob add op (255, 0, 0) + (255, 0, 0)
INFO:root:Blob add op (255, 0, 0) + (255, 0, 0)
INFO:root:Blob add op (255, 0, 0) + (255, 0, 0)
INFO:root:Blob add op (255, 0, 0) + (255, 0, 0)
INFO:root:Blob add op (255, 0, 0) + (255, 0, 0)
INFO:root:Blob add op (255, 0, 0) + (255, 0, 0)
INFO:root:Blob add op (255, 0, 0) + (255, 0, 0)
INFO:root:Blob add op (255, 0, 0) + (255, 0, 0)
INFO:root:Blob add op (255, 0, 0) + (255, 0, 0)
INFO:root:Blob add op (255, 0, 0) + (255, 0, 0)
INFO:root:Blob add op (255, 0, 0) + (255, 0, 0)
INFO:root:Blob add op (255, 0, 0) + (255, 0, 0)
INFO:root:Blob add op (255, 0, 0) + (255, 0, 0)
INFO:root:Blob add op (255, 0, 0) + (255, 0, 0)
INFO:root:Blob add op (255, 0, 0) + (255, 0, 0)
INFO:root:Blob add op (255, 0, 0) + (255, 0, 0)
INFO:root:Blob add op (255, 0, 0) + (255, 0, 0)
INFO:root:Blob add op (255, 0, 0) + (255, 0, 0)
INFO:root:Blob add op (255, 0, 0) + (255, 0, 0)
INFO:root:Blob add op (255, 0, 0) + (255, 0, 0)
INFO:root:Blob add op (255, 0, 0) + (255, 0, 0)
INFO:root:Blob add op (255, 0, 0) + (255, 0, 0)
INFO:root:Blob add op (255, 0, 0) + (255, 0, 0)
INFO:root:Blob add op (255, 0, 0) + (255, 0, 0)
INFO:root:Blob add op (255, 0, 0) + (255, 0, 0)
INFO:root:Blob add op (255, 0, 0) + (255, 0, 0)
INFO:root:Blob add op (255, 0, 0) + (255, 0, 0)
INFO:root:Blob add op (255, 0, 0) + (255, 0, 0)
INFO:root:Blob add op (255, 0, 0) + (255, 0, 0)
INFO:root:Blob add op (255, 0, 0) + (255, 0, 0)
INFO:root:Blob add op (255, 0, 0) + (255, 0, 0)
INFO:root:Blob add op (255, 0, 0) + (255, 0, 0)
INFO:root:Blob add op (255, 0, 0) + (255, 0, 0)
INFO:root:Blob add op (255, 0, 0) + (255, 0, 0)
INFO:root:Blob add op (255, 0, 0) + (255, 0, 0)
INFO:root:Blob add op (255, 0, 0) + (255, 0, 0)
INFO:root:Blob add op (255, 0, 0) + (0, 0, 255)
INFO:root:Blob add op (255, 0, 0) + (255, 0, 0)
INFO:root:Blob add op (255, 0, 0) + (255, 0, 0)
INFO:root:Blob add op (255, 0, 0) + (255, 0, 0)
INFO:root:Blob add op (255, 0, 0) + (255, 0, 0)
INFO:root:Blob add op (255, 0, 0) + (255, 0, 0)
INFO:root:Blob add op (255, 0, 0) + (255, 0, 0)
INFO:root:Blob add op (255, 0, 0) + (255, 0, 0)
INFO:root:Blob add op (255, 0, 0) + (255, 0, 0)
INFO:root:Blob add op (255, 0, 0) + (0, 0, 255)
INFO:root:Blob add op (255, 0, 0) + (255, 0, 0)
INFO:root:Blob add op (255, 0, 0) + (255, 0, 0)
INFO:root:Blob add op (255, 0, 0) + (0, 0, 255)
INFO:root:Blob add op (255, 0, 0) + (0, 255, 0)
INFO:root:Blob add op (255, 0, 0) + (255, 0, 0)
INFO:root:Blob add op (255, 0, 0) + (255, 0, 0)
INFO:root:Blob add op (255, 0, 0) + (255, 0, 0)
INFO:root:Blob add op (255, 0, 0) + (255, 0, 0)
INFO:root:Blob add op (255, 0, 0) + (255, 0, 0)
INFO:root:Blob add op (255, 0, 0) + (255, 0, 0)
INFO:root:Blob add op (255, 0, 0) + (255, 0, 0)
INFO:root:Blob add op (255, 0, 0) + (255, 0, 0)
INFO:root:Blob add op (255, 0, 0) + (255, 0, 0)
INFO:root:Blob add op (255, 0, 0) + (255, 0, 0)
INFO:root:Blob add op (255, 0, 0) + (255, 0, 0)
INFO:root:Blob add op (255, 0, 0) + (255, 0, 0)
INFO:root:Blob add op (255, 0, 0) + (255, 0, 0)
INFO:root:Blob add op (255, 0, 0) + (255, 0, 0)
INFO:root:Blob add op (255, 0, 0) + (0, 0, 255)
INFO:root:Blob add op (255, 0, 0) + (255, 0, 0)
INFO:root:Blob add op (255, 0, 0) + (255, 0, 0)
INFO:root:Blob add op (255, 0, 0) + (255, 0, 0)
INFO:root:Blob add op (255, 0, 0) + (255, 0, 0)
INFO:root:Blob add op (255, 0, 0) + (255, 0, 0)
INFO:root:Blob add op (255, 0, 0) + (255, 0, 0)
INFO:root:Blob add op (255, 0, 0) + (255, 0, 0)
INFO:root:Blob add op (255, 0, 0) + (255, 0, 0)
INFO:root:Blob add op (255, 0, 0) + (255, 0, 0)
INFO:root:Blob add op (255, 0, 0) + (255, 0, 0)
INFO:root:Blob add op (255, 0, 0) + (255, 0, 0)
INFO:root:Blob add op (255, 0, 0) + (255, 0, 0)
INFO:root:Blob add op (255, 0, 0) + (255, 0, 0)
INFO:root:Blob add op (255, 0, 0) + (255, 0, 0)
INFO:root:Blob add op (255, 0, 0) + (255, 0, 0)
INFO:root:Blob add op (255, 0, 0) + (255, 0, 0)
INFO:root:Blob add op (255, 0, 0) + (255, 0, 0)
INFO:root:Blob add op (255, 0, 0) + (255, 0, 0)
INFO:root:Blob add op (255, 0, 0) + (255, 0, 0)
INFO:root:Blob add op (255, 0, 0) + (255, 0, 0)
INFO:root:Blob add op (255, 0, 0) + (255, 0, 0)
INFO:root:Blob add op (255, 0, 0) + (255, 0, 0)
INFO:root:Blob add op (255, 0, 0) + (255, 0, 0)
INFO:root:Blob add op (255, 0, 0) + (255, 0, 0)
INFO:root:Blob add op (255, 0, 0) + (255, 0, 0)
INFO:root:Blob add op (255, 0, 0) + (255, 0, 0)
INFO:root:Blob add op (255, 0, 0) + (255, 0, 0)
INFO:root:Blob add op (255, 0, 0) + (255, 0, 0)
INFO:root:Blob add op (255, 0, 0) + (255, 0, 0)
INFO:root:Blob add op (255, 0, 0) + (255, 0, 0)
INFO:root:Blob add op (255, 0, 0) + (255, 0, 0)
INFO:root:Blob add op (255, 0, 0) + (255, 0, 0)
INFO:root:Blob add op (255, 0, 0) + (255, 0, 0)
INFO:root:Blob add op (255, 0, 0) + (255, 0, 0)
INFO:root:Blob add op (255, 0, 0) + (255, 0, 0)
INFO:root:Blob add op (255, 0, 0) + (255, 0, 0)
INFO:root:Blob add op (255, 0, 0) + (255, 0, 0)
INFO:root:Blob add op (255, 0, 0) + (255, 0, 0)
INFO:root:Blob add op (255, 0, 0) + (255, 0, 0)
INFO:root:Blob add op (255, 0, 0) + (255, 0, 0)
INFO:root:Blob add op (255, 0, 0) + (255, 0, 0)
INFO:root:Blob add op (255, 0, 0) + (255, 0, 0)
INFO:root:Blob add op (255, 0, 0) + (255, 0, 0)
INFO:root:Blob add op (255, 0, 0) + (255, 0, 0)
INFO:root:Blob add op (255, 0, 0) + (255, 0, 0)
INFO:root:Blob add op (255, 0, 0) + (255, 0, 0)
INFO:root:Blob add op (255, 0, 0) + (255, 0, 0)
INFO:root:Blob add op (255, 0, 0) + (255, 0, 0)
INFO:root:Blob add op (255, 0, 0) + (255, 0, 0)
INFO:root:Blob add op (255, 0, 0) + (255, 0, 0)
INFO:root:Blob add op (255, 0, 0) + (255, 0, 0)
INFO:root:Blob add op (255, 0, 0) + (255, 0, 0)
INFO:root:Blob add op (255, 0, 0) + (255, 0, 0)
INFO:root:Blob add op (255, 0, 0) + (255, 0, 0)
INFO:root:Blob add op (255, 0, 0) + (255, 0, 0)
INFO:root:Blob add op (255, 0, 0) + (255, 0, 0)
INFO:root:Blob add op (255, 0, 0) + (255, 0, 0)
INFO:root:Blob add op (255, 0, 0) + (255, 0, 0)
INFO:root:Blob add op (255, 0, 0) + (255, 0, 0)
INFO:root:Blob add op (255, 0, 0) + (255, 0, 0)
INFO:root:Blob add op (255, 0, 0) + (255, 0, 0)
INFO:root:Blob add op (255, 0, 0) + (255, 0, 0)
INFO:root:Blob add op (255, 0, 0) + (255, 0, 0)
INFO:root:Blob add op (255, 0, 0) + (255, 0, 0)
INFO:root:Blob add op (255, 0, 0) + (255, 0, 0)
INFO:root:Blob add op (255, 0, 0) + (255, 0, 0)
INFO:root:Blob add op (255, 0, 0) + (255, 0, 0)
INFO:root:Blob add op (255, 0, 0) + (255, 0, 0)
INFO:root:Blob add op (255, 0, 0) + (255, 0, 0)
INFO:root:Blob add op (255, 0, 0) + (255, 0, 0)
INFO:root:Blob add op (255, 0, 0) + (255, 0, 0)
INFO:root:Blob add op (255, 0, 0) + (255, 0, 0)
INFO:root:Blob add op (255, 0, 0) + (255, 0, 0)
INFO:root:Blob add op (255, 0, 0) + (255, 0, 0)
INFO:root:Blob add op (255, 0, 0) + (255, 0, 0)
INFO:root:Blob add op (255, 0, 0) + (255, 0, 0)
INFO:root:Blob add op (255, 0, 0) + (255, 0, 0)
INFO:root:Blob add op (255, 0, 0) + (255, 0, 0)
INFO:root:Blob add op (255, 0, 0) + (255, 0, 0)
INFO:root:Blob add op (255, 0, 0) + (255, 0, 0)
INFO:root:Blob add op (255, 0, 0) + (255, 0, 0)
INFO:root:Blob add op (255, 0, 0) + (255, 0, 0)
INFO:root:Blob add op (255, 0, 0) + (255, 0, 0)
INFO:root:Blob add op (255, 0, 0) + (255, 0, 0)
INFO:root:Blob add op (255, 0, 0) + (255, 0, 0)
INFO:root:Blob add op (255, 0, 0) + (255, 0, 0)
INFO:root:Blob add op (255, 0, 0) + (255, 0, 0)
INFO:root:Blob add op (255, 0, 0) + (255, 0, 0)
INFO:root:Blob add op (255, 0, 0) + (255, 0, 0)
INFO:root:Blob add op (255, 0, 0) + (255, 0, 0)
INFO:root:Blob add op (255, 0, 0) + (255, 0, 0)
INFO:root:Blob add op (255, 0, 0) + (255, 0, 0)
INFO:root:Blob add op (255, 0, 0) + (255, 0, 0)
INFO:root:Blob add op (255, 0, 0) + (255, 0, 0)
INFO:root:Blob add op (255, 0, 0) + (255, 0, 0)
INFO:root:Blob add op (255, 0, 0) + (255, 0, 0)
INFO:root:Blob add op (255, 0, 0) + (255, 0, 0)
INFO:root:Blob add op (255, 0, 0) + (255, 0, 0)
INFO:root:Blob add op (255, 0, 0) + (255, 0, 0)
INFO:root:Blob add op (255, 0, 0) + (255, 0, 0)
INFO:root:Blob add op (255, 0, 0) + (255, 0, 0)
INFO:root:Blob add op (255, 0, 0) + (255, 0, 0)
INFO:root:Blob add op (255, 0, 0) + (255, 0, 0)
INFO:root:Blob add op (255, 0, 0) + (255, 0, 0)
INFO:root:Blob add op (255, 0, 0) + (255, 0, 0)
INFO:root:Blob add op (255, 0, 0) + (255, 0, 0)
INFO:root:Blob add op (255, 0, 0) + (255, 0, 0)
INFO:root:Blob add op (255, 0, 0) + (255, 0, 0)
INFO:root:Blob add op (255, 0, 0) + (255, 0, 0)
INFO:root:Blob add op (255, 0, 0) + (255, 0, 0)
INFO:root:Blob add op (255, 0, 0) + (255, 0, 0)
INFO:root:Blob add op (255, 0, 0) + (255, 0, 0)
INFO:root:Blob add op (255, 0, 0) + (255, 0, 0)
INFO:root:Blob add op (255, 0, 0) + (255, 0, 0)
INFO:root:Blob add op (255, 0, 0) + (255, 0, 0)
INFO:root:Blob add op (255, 0, 0) + (255, 0, 0)
INFO:root:Blob add op (255, 0, 0) + (255, 0, 0)
INFO:root:Blob add op (255, 0, 0) + (255, 0, 0)
INFO:root:Blob add op (255, 0, 0) + (255, 0, 0)
INFO:root:Blob add op (255, 0, 0) + (255, 0, 0)
INFO:root:Blob add op (255, 0, 0) + (255, 0, 0)
INFO:root:Blob add op (255, 0, 0) + (255, 0, 0)
INFO:root:Blob add op (255, 0, 0) + (255, 0, 0)
INFO:root:Blob add op (255, 0, 0) + (255, 0, 0)
INFO:root:Blob add op (255, 0, 0) + (255, 0, 0)
INFO:root:Blob add op (255, 0, 0) + (255, 0, 0)
INFO:root:Blob add op (255, 0, 0) + (255, 0, 0)
INFO:root:Blob add op (255, 0, 0) + (255, 0, 0)
INFO:root:Blob add op (255, 0, 0) + (255, 0, 0)
INFO:root:Blob add op (255, 0, 0) + (255, 0, 0)
INFO:root:Blob add op (255, 0, 0) + (255, 0, 0)
INFO:root:Blob add op (255, 0, 0) + (255, 0, 0)
INFO:root:Blob add op (255, 0, 0) + (255, 0, 0)
INFO:root:Blob add op (255, 0, 0) + (255, 0, 0)
INFO:root:Blob add op (255, 0, 0) + (255, 0, 0)
INFO:root:Blob add op (255, 0, 0) + (255, 0, 0)
INFO:root:Blob add op (255, 0, 0) + (255, 0, 0)
INFO:root:Blob add op (255, 0, 0) + (255, 0, 0)
INFO:root:Blob add op (255, 0, 0) + (255, 0, 0)
INFO:root:Blob add op (255, 0, 0) + (255, 0, 0)
INFO:root:Blob add op (255, 0, 0) + (255, 0, 0)
INFO:root:Blob add op (255, 0, 0) + (255, 0, 0)
INFO:root:Blob add op (255, 0, 0) + (255, 0, 0)
INFO:root:Blob add op (255, 0, 0) + (255, 0, 0)
INFO:root:Blob add op (255, 0, 0) + (255, 0, 0)
INFO:root:Blob add op (255, 0, 0) + (255, 0, 0)
INFO:root:Blob add op (255, 0, 0) + (255, 0, 0)
INFO:root:Blob add op (255, 0, 0) + (255, 0, 0)
INFO:root:Blob add op (255, 0, 0) + (255, 0, 0)
INFO:root:Blob add op (255, 0, 0) + (255, 0, 0)
INFO:root:Blob add op (255, 0, 0) + (255, 0, 0)
INFO:root:Blob add op (255, 0, 0) + (255, 0, 0)
INFO:root:Blob add op (255, 0, 0) + (255, 0, 0)
INFO:root:Blob add op (255, 0, 0) + (255, 0, 0)
INFO:root:Blob add op (255, 0, 0) + (255, 0, 0)
INFO:root:Blob add op (255, 0, 0) + (255, 0, 0)
INFO:root:Blob add op (255, 0, 0) + (255, 0, 0)
INFO:root:Blob add op (255, 0, 0) + (255, 0, 0)
INFO:root:Blob add op (255, 0, 0) + (255, 0, 0)
INFO:root:Blob add op (255, 0, 0) + (255, 0, 0)
INFO:root:Blob add op (255, 0, 0) + (255, 0, 0)
INFO:root:Blob add op (255, 0, 0) + (255, 0, 0)
INFO:root:Blob add op (255, 0, 0) + (255, 0, 0)
INFO:root:Blob add op (255, 0, 0) + (255, 0, 0)
INFO:root:Blob add op (255, 0, 0) + (255, 0, 0)
INFO:root:Blob add op (255, 0, 0) + (255, 0, 0)
INFO:root:Blob add op (255, 0, 0) + (255, 0, 0)
INFO:root:Blob add op (255, 0, 0) + (255, 0, 0)
INFO:root:Blob add op (255, 0, 0) + (255, 0, 0)
INFO:root:Blob add op (255, 0, 0) + (255, 0, 0)
INFO:root:Blob add op (255, 0, 0) + (255, 0, 0)
INFO:root:Blob add op (255, 0, 0) + (255, 0, 0)
INFO:root:Blob add op (255, 0, 0) + (255, 0, 0)
INFO:root:Blob add op (255, 0, 0) + (255, 0, 0)
INFO:root:Blob add op (255, 0, 0) + (255, 0, 0)
INFO:root:Blob add op (255, 0, 0) + (255, 0, 0)
INFO:root:Blob add op (255, 0, 0) + (255, 0, 0)
INFO:root:Blob add op (255, 0, 0) + (255, 0, 0)
INFO:root:Blob add op (255, 0, 0) + (255, 0, 0)
INFO:root:Blob add op (255, 0, 0) + (255, 0, 0)
INFO:root:Blob add op (255, 0, 0) + (255, 0, 0)
INFO:root:Blob add op (255, 0, 0) + (255, 0, 0)
INFO:root:Blob add op (255, 0, 0) + (255, 0, 0)
INFO:root:Blob add op (255, 0, 0) + (255, 0, 0)
INFO:root:Blob add op (255, 0, 0) + (255, 0, 0)
INFO:root:Blob add op (255, 0, 0) + (255, 0, 0)
INFO:root:Blob add op (255, 0, 0) + (255, 0, 0)
INFO:root:Blob add op (255, 0, 0) + (255, 0, 0)
INFO:root:Blob add op (255, 0, 0) + (255, 0, 0)
INFO:root:Blob add op (255, 0, 0) + (255, 0, 0)
INFO:root:Blob add op (255, 0, 0) + (255, 0, 0)
INFO:root:Blob add op (255, 0, 0) + (255, 0, 0)
INFO:root:Blob add op (255, 0, 0) + (255, 0, 0)
INFO:root:Blob add op (255, 0, 0) + (255, 0, 0)
INFO:root:Blob add op (255, 0, 0) + (255, 0, 0)
INFO:root:Blob add op (255, 0, 0) + (255, 0, 0)
INFO:root:Blob add op (255, 0, 0) + (255, 0, 0)
INFO:root:Blob add op (255, 0, 0) + (255, 0, 0)
INFO:root:Blob add op (255, 0, 0) + (255, 0, 0)
INFO:root:Blob add op (255, 0, 0) + (255, 0, 0)
INFO:root:Blob add op (255, 0, 0) + (255, 0, 0)
INFO:root:Blob add op (255, 0, 0) + (255, 0, 0)
INFO:root:Blob add op (255, 0, 0) + (255, 0, 0)
INFO:root:Blob add op (255, 0, 0) + (255, 0, 0)
INFO:root:Blob add op (255, 0, 0) + (255, 0, 0)
INFO:root:Blob add op (255, 0, 0) + (255, 0, 0)
INFO:root:Blob add op (255, 0, 0) + (255, 0, 0)
INFO:root:Blob add op (255, 0, 0) + (255, 0, 0)
INFO:root:Blob add op (255, 0, 0) + (255, 0, 0)
INFO:root:Blob add op (255, 0, 0) + (255, 0, 0)
INFO:root:Blob add op (255, 0, 0) + (255, 0, 0)
INFO:root:Blob add op (255, 0, 0) + (255, 0, 0)
INFO:root:Blob add op (255, 0, 0) + (255, 0, 0)
INFO:root:Blob add op (255, 0, 0) + (255, 0, 0)
INFO:root:Blob add op (255, 0, 0) + (255, 0, 0)
INFO:root:Blob add op (255, 0, 0) + (255, 0, 0)
INFO:root:Blob add op (255, 0, 0) + (255, 0, 0)
INFO:root:Blob add op (255, 0, 0) + (255, 0, 0)
INFO:root:Blob add op (255, 0, 0) + (255, 0, 0)
INFO:root:Blob add op (255, 0, 0) + (255, 0, 0)
INFO:root:Blob add op (255, 0, 0) + (255, 0, 0)
INFO:root:Blob add op (255, 0, 0) + (255, 0, 0)
INFO:root:Blob add op (255, 0, 0) + (255, 0, 0)
INFO:root:Blob add op (255, 0, 0) + (255, 0, 0)
INFO:root:Blob add op (255, 0, 0) + (255, 0, 0)
INFO:root:Blob add op (255, 0, 0) + (255, 0, 0)
INFO:root:Blob add op (255, 0, 0) + (255, 0, 0)
INFO:root:Blob add op (255, 0, 0) + (255, 0, 0)
INFO:root:Blob add op (255, 0, 0) + (255, 0, 0)
INFO:root:Blob add op (255, 0, 0) + (255, 0, 0)
INFO:root:Blob add op (255, 0, 0) + (255, 0, 0)
INFO:root:Blob add op (255, 0, 0) + (255, 0, 0)
INFO:root:Blob add op (255, 0, 0) + (255, 0, 0)
INFO:root:Blob add op (255, 0, 0) + (255, 0, 0)
INFO:root:Blob add op (255, 0, 0) + (0, 0, 255)
INFO:root:Blob add op (255, 0, 0) + (255, 0, 0)
INFO:root:Blob add op (255, 0, 0) + (255, 0, 0)
INFO:root:Blob add op (255, 0, 0) + (255, 0, 0)
INFO:root:Blob add op (255, 0, 0) + (255, 0, 0)
INFO:root:Blob add op (255, 0, 0) + (255, 0, 0)
INFO:root:Blob add op (255, 0, 0) + (255, 0, 0)
INFO:root:Blob add op (255, 0, 0) + (255, 0, 0)
INFO:root:Blob add op (255, 0, 0) + (255, 0, 0)
INFO:root:Blob add op (255, 0, 0) + (255, 0, 0)
INFO:root:Blob add op (255, 0, 0) + (255, 0, 0)
INFO:root:Blob add op (255, 0, 0) + (255, 0, 0)
INFO:root:Blob add op (255, 0, 0) + (255, 0, 0)
INFO:root:Blob add op (255, 0, 0) + (255, 0, 0)
INFO:root:Blob add op (255, 0, 0) + (255, 0, 0)
INFO:root:Blob add op (255, 0, 0) + (255, 0, 0)
INFO:root:Blob add op (255, 0, 0) + (255, 0, 0)
INFO:root:Blob add op (255, 0, 0) + (255, 0, 0)
INFO:root:Blob add op (255, 0, 0) + (255, 0, 0)
INFO:root:Blob add op (255, 0, 0) + (255, 0, 0)
INFO:root:Blob add op (255, 0, 0) + (255, 0, 0)
INFO:root:Blob add op (255, 0, 0) + (255, 0, 0)
INFO:root:Blob add op (255, 0, 0) + (255, 0, 0)
INFO:root:Blob add op Blob((255, 0, 0), 4, (49,444)) + Blob of color: (255, 0, 0), size: 6, location: (53,441))
INFO:root:Blob add op Blob((255, 0, 0), 6, (169,396)) + Blob of color: (255, 0, 0), size: 7, location: (161,399))
INFO:root:Blob add op Blob((255, 0, 0), 6, (53,441)) + Blob of color: (255, 0, 0), size: 4, location: (49,444))
INFO:root:Blob add op Blob((255, 0, 0), 7, (161,399)) + Blob of color: (255, 0, 0), size: 6, location: (169,396))
INFO:root:Blob add op Blob((255, 0, 0), 4, (47,444)) + Blob of color: (255, 0, 0), size: 6, location: (55,442))
INFO:root:Blob add op Blob((255, 0, 0), 6, (171,397)) + Blob of color: (255, 0, 0), size: 7, location: (159,397))
INFO:root:Blob add op Blob((255, 0, 0), 6, (55,442)) + Blob of color: (255, 0, 0), size: 4, location: (47,444))
INFO:root:Blob add op Blob((255, 0, 0), 7, (642,509)) + Blob of color: (255, 0, 0), size: 4, location: (646,519))
INFO:root:Blob add op Blob((255, 0, 0), 7, (159,397)) + Blob of color: (255, 0, 0), size: 6, location: (171,397))
INFO:root:Blob add op Blob((255, 0, 0), 4, (646,519)) + Blob of color: (255, 0, 0), size: 7, location: (642,509))
INFO:root:Blob add op Blob((255, 0, 0), 6, (173,394)) + Blob of color: (255, 0, 0), size: 7, location: (162,396))
INFO:root:Blob add op Blob((255, 0, 0), 6, (793,269)) + Blob of color: (0, 0, 255), size: 4, location: (787,267))
INFO:root:Blob add op Blob((255, 0, 0), 6, (162,438)) + Blob of color: (0, 0, 255), size: 7, location: (158,428))
INFO:root:Blob add op Blob((255, 0, 0), 7, (162,396)) + Blob of color: (255, 0, 0), size: 6, location: (173,394))
INFO:root:Blob add op Blob((255, 0, 0), 7, (543,251)) + Blob of color: (0, 0, 255), size: 7, location: (534,246))
INFO:root:Blob add op Blob((255, 0, 0), 4, (10,569)) + Blob of color: (0, 0, 255), size: 5, location: (13,565))
INFO:root:Blob add op Blob((255, 0, 0), 4, (52,441)) + Blob of color: (255, 0, 0), size: 6, location: (50,447))
INFO:root:Blob add op Blob((255, 0, 0), 6, (50,447)) + Blob of color: (255, 0, 0), size: 4, location: (52,441))
INFO:root:Blob add op Blob((255, 0, 0), 6, (169,388)) + Blob of color: (255, 0, 0), size: 7, location: (157,392))
INFO:root:Blob add op Blob((255, 0, 0), 7, (157,392)) + Blob of color: (255, 0, 0), size: 6, location: (169,388))
INFO:root:Blob add op Blob((255, 0, 0), 6, (173,391)) + Blob of color: (255, 0, 0), size: 7, location: (161,392))
INFO:root:Blob add op Blob((255, 0, 0), 7, (161,392)) + Blob of color: (255, 0, 0), size: 6, location: (173,391))
INFO:root:Blob add op Blob((255, 0, 0), 4, (48,443)) + Blob of color: (255, 0, 0), size: 6, location: (51,452))
INFO:root:Blob add op Blob((255, 0, 0), 6, (51,452)) + Blob of color: (255, 0, 0), size: 4, location: (48,443))
INFO:root:Blob add op Blob((255, 0, 0), 4, (48,447)) + Blob of color: (255, 0, 0), size: 6, location: (52,454))
INFO:root:Blob add op Blob((255, 0, 0), 6, (52,454)) + Blob of color: (255, 0, 0), size: 4, location: (48,447))
INFO:root:Blob add op Blob((255, 0, 0), 4, (52,447)) + Blob of color: (255, 0, 0), size: 6, location: (56,453))
INFO:root:Blob add op Blob((255, 0, 0), 6, (56,453)) + Blob of color: (255, 0, 0), size: 4, location: (52,447))
INFO:root:Blob add op Blob((255, 0, 0), 4, (55,446)) + Blob of color: (255, 0, 0), size: 6, location: (52,450))
INFO:root:Blob add op Blob((255, 0, 0), 6, (52,450)) + Blob of color: (255, 0, 0), size: 4, location: (55,446))
INFO:root:Blob add op Blob((255, 0, 0), 4, (54,445)) + Blob of color: (255, 0, 0), size: 6, location: (54,454))
INFO:root:Blob add op Blob((255, 0, 0), 6, (54,454)) + Blob of color: (255, 0, 0), size: 4, location: (54,445))
INFO:root:Blob add op Blob((255, 0, 0), 6, (175,383)) + Blob of color: (255, 0, 0), size: 7, location: (168,393))
INFO:root:Blob add op Blob((255, 0, 0), 7, (168,393)) + Blob of color: (255, 0, 0), size: 6, location: (175,383))
INFO:root:Blob add op Blob((255, 0, 0), 6, (175,386)) + Blob of color: (255, 0, 0), size: 7, location: (166,389))
INFO:root:Blob add op Blob((255, 0, 0), 7, (166,389)) + Blob of color: (255, 0, 0), size: 6, location: (175,386))
INFO:root:Blob add op Blob((255, 0, 0), 7, (228,294)) + Blob of color: (255, 0, 0), size: 7, location: (221,284))
INFO:root:Blob add op Blob((255, 0, 0), 6, (176,389)) + Blob of color: (255, 0, 0), size: 7, location: (168,387))
INFO:root:Blob add op Blob((255, 0, 0), 7, (221,284)) + Blob of color: (255, 0, 0), size: 7, location: (228,294))
INFO:root:Blob add op Blob((255, 0, 0), 7, (168,387)) + Blob of color: (255, 0, 0), size: 6, location: (176,389))
INFO:root:Blob add op Blob((255, 0, 0), 7, (232,291)) + Blob of color: (255, 0, 0), size: 7, location: (224,285))
INFO:root:Blob add op Blob((255, 0, 0), 6, (178,386)) + Blob of color: (255, 0, 0), size: 7, location: (171,388))
INFO:root:Blob add op Blob((255, 0, 0), 7, (224,285)) + Blob of color: (255, 0, 0), size: 7, location: (232,291))
INFO:root:Blob add op Blob((255, 0, 0), 7, (171,388)) + Blob of color: (255, 0, 0), size: 6, location: (178,386))
INFO:root:Blob add op Blob((255, 0, 0), 7, (228,287)) + Blob of color: (255, 0, 0), size: 7, location: (222,281))
INFO:root:Blob add op Blob((255, 0, 0), 6, (178,383)) + Blob of color: (255, 0, 0), size: 7, location: (175,390))
INFO:root:Blob add op Blob((255, 0, 0), 7, (222,281)) + Blob of color: (255, 0, 0), size: 7, location: (228,287))
INFO:root:Blob add op Blob((255, 0, 0), 2, (794,272)) + Blob of color: (0, 0, 255), size: 2, location: (793,275))
INFO:root:Blob add op Blob((255, 0, 0), 7, (175,390)) + Blob of color: (255, 0, 0), size: 6, location: (178,383))
INFO:root:Blob add op Blob((255, 0, 0), 7, (226,290)) + Blob of color: (255, 0, 0), size: 7, location: (222,279))
INFO:root:Blob add op Blob((255, 0, 0), 6, (176,382)) + Blob of color: (255, 0, 0), size: 7, location: (176,389))
INFO:root:Blob add op Blob((255, 0, 0), 7, (222,279)) + Blob of color: (255, 0, 0), size: 7, location: (226,290))
INFO:root:Blob add op Blob((255, 0, 0), 7, (176,389)) + Blob of color: (255, 0, 0), size: 6, location: (176,382))
INFO:root:Blob add op Blob((255, 0, 0), 7, (225,289)) + Blob of color: (255, 0, 0), size: 7, location: (222,278))
INFO:root:Blob add op Blob((255, 0, 0), 6, (178,385)) + Blob of color: (255, 0, 0), size: 7, location: (179,387))
INFO:root:Blob add op Blob((255, 0, 0), 7, (222,278)) + Blob of color: (255, 0, 0), size: 7, location: (225,289))
INFO:root:Blob add op Blob((255, 0, 0), 7, (179,387)) + Blob of color: (255, 0, 0), size: 6, location: (178,385))
INFO:root:Blob add op Blob((255, 0, 0), 6, (180,383)) + Blob of color: (255, 0, 0), size: 7, location: (183,389))
INFO:root:Blob add op Blob((255, 0, 0), 7, (183,389)) + Blob of color: (255, 0, 0), size: 6, location: (180,383))
INFO:root:Blob add op Blob((255, 0, 0), 7, (225,291)) + Blob of color: (255, 0, 0), size: 7, location: (221,284))
INFO:root:Blob add op Blob((255, 0, 0), 6, (181,386)) + Blob of color: (255, 0, 0), size: 7, location: (181,392))
INFO:root:Blob add op Blob((255, 0, 0), 7, (221,284)) + Blob of color: (255, 0, 0), size: 7, location: (225,291))
INFO:root:Blob add op Blob((255, 0, 0), 7, (653,501)) + Blob of color: (255, 0, 0), size: 4, location: (663,504))
INFO:root:Blob add op Blob((255, 0, 0), 7, (181,392)) + Blob of color: (255, 0, 0), size: 6, location: (181,386))
INFO:root:Blob add op Blob((255, 0, 0), 4, (663,504)) + Blob of color: (255, 0, 0), size: 7, location: (653,501))
INFO:root:Blob add op Blob((255, 0, 0), 7, (227,288)) + Blob of color: (255, 0, 0), size: 7, location: (222,282))
INFO:root:Blob add op Blob((255, 0, 0), 6, (182,385)) + Blob of color: (255, 0, 0), size: 7, location: (178,391))
INFO:root:Blob add op Blob((255, 0, 0), 7, (222,282)) + Blob of color: (255, 0, 0), size: 7, location: (227,288))
INFO:root:Blob add op Blob((255, 0, 0), 7, (178,391)) + Blob of color: (255, 0, 0), size: 6, location: (182,385))
INFO:root:Blob add op Blob((255, 0, 0), 7, (223,292)) + Blob of color: (255, 0, 0), size: 7, location: (219,286))
INFO:root:Blob add op Blob((255, 0, 0), 6, (182,386)) + Blob of color: (255, 0, 0), size: 7, location: (179,389))
INFO:root:Blob add op Blob((255, 0, 0), 7, (219,286)) + Blob of color: (255, 0, 0), size: 7, location: (223,292))
INFO:root:Blob add op Blob((255, 0, 0), 7, (179,389)) + Blob of color: (255, 0, 0), size: 6, location: (182,386))
INFO:root:Blob add op Blob((255, 0, 0), 7, (223,293)) + Blob of color: (255, 0, 0), size: 7, location: (219,285))
INFO:root:Blob add op Blob((255, 0, 0), 6, (181,387)) + Blob of color: (255, 0, 0), size: 7, location: (179,388))
INFO:root:Blob add op Blob((255, 0, 0), 7, (219,285)) + Blob of color: (255, 0, 0), size: 7, location: (223,293))
INFO:root:Blob add op Blob((255, 0, 0), 7, (179,388)) + Blob of color: (255, 0, 0), size: 6, location: (181,387))
INFO:root:Blob add op Blob((255, 0, 0), 7, (224,295)) + Blob of color: (255, 0, 0), size: 7, location: (217,286))
INFO:root:Blob add op Blob((255, 0, 0), 6, (183,386)) + Blob of color: (255, 0, 0), size: 7, location: (182,390))
INFO:root:Blob add op Blob((255, 0, 0), 7, (217,286)) + Blob of color: (255, 0, 0), size: 7, location: (224,295))
INFO:root:Blob add op Blob((255, 0, 0), 7, (182,390)) + Blob of color: (255, 0, 0), size: 6, location: (183,386))
INFO:root:Blob add op Blob((255, 0, 0), 7, (222,291)) + Blob of color: (255, 0, 0), size: 7, location: (217,290))
INFO:root:Blob add op Blob((255, 0, 0), 6, (186,382)) + Blob of color: (255, 0, 0), size: 7, location: (184,394))
INFO:root:Blob add op Blob((255, 0, 0), 7, (217,290)) + Blob of color: (255, 0, 0), size: 7, location: (222,291))
INFO:root:Blob add op Blob((255, 0, 0), 7, (184,394)) + Blob of color: (255, 0, 0), size: 6, location: (186,382))
INFO:root:Blob add op Blob((255, 0, 0), 7, (225,291)) + Blob of color: (255, 0, 0), size: 7, location: (213,292))
INFO:root:Blob add op Blob((255, 0, 0), 6, (186,381)) + Blob of color: (255, 0, 0), size: 7, location: (185,390))
INFO:root:Blob add op Blob((255, 0, 0), 6, (186,381)) + Blob of color: (255, 0, 0), size: 5, location: (193,386))
INFO:root:Blob add op Blob((255, 0, 0), 7, (213,292)) + Blob of color: (255, 0, 0), size: 7, location: (225,291))
INFO:root:Blob add op Blob((255, 0, 0), 7, (185,390)) + Blob of color: (255, 0, 0), size: 6, location: (186,381))
INFO:root:Blob add op Blob((255, 0, 0), 7, (185,390)) + Blob of color: (255, 0, 0), size: 5, location: (193,386))
INFO:root:Blob add op Blob((255, 0, 0), 5, (193,386)) + Blob of color: (255, 0, 0), size: 6, location: (186,381))
INFO:root:Blob add op Blob((255, 0, 0), 5, (193,386)) + Blob of color: (255, 0, 0), size: 7, location: (185,390))
INFO:root:Blob add op Blob((255, 0, 0), 6, (186,377)) + Blob of color: (255, 0, 0), size: 5, location: (190,384))
INFO:root:Blob add op Blob((255, 0, 0), 7, (183,393)) + Blob of color: (255, 0, 0), size: 5, location: (190,384))
INFO:root:Blob add op Blob((255, 0, 0), 5, (190,384)) + Blob of color: (255, 0, 0), size: 6, location: (186,377))
INFO:root:Blob add op Blob((255, 0, 0), 5, (190,384)) + Blob of color: (255, 0, 0), size: 7, location: (183,393))
INFO:root:Blob add op Blob((255, 0, 0), 6, (189,373)) + Blob of color: (255, 0, 0), size: 5, location: (192,382))
INFO:root:Blob add op Blob((255, 0, 0), 5, (192,382)) + Blob of color: (255, 0, 0), size: 6, location: (189,373))
INFO:root:Blob add op Blob((255, 0, 0), 7, (184,393)) + Blob of color: (255, 0, 0), size: 5, location: (192,386))
INFO:root:Blob add op Blob((255, 0, 0), 5, (192,386)) + Blob of color: (255, 0, 0), size: 7, location: (184,393))
INFO:root:Blob add op Blob((255, 0, 0), 7, (182,397)) + Blob of color: (255, 0, 0), size: 5, location: (188,387))
INFO:root:Blob add op Blob((255, 0, 0), 5, (188,387)) + Blob of color: (255, 0, 0), size: 7, location: (182,397))
INFO:root:Blob add op Blob((255, 0, 0), 7, (183,401)) + Blob of color: (255, 0, 0), size: 5, location: (187,391))
INFO:root:Blob add op Blob((255, 0, 0), 5, (187,391)) + Blob of color: (255, 0, 0), size: 7, location: (183,401))
INFO:root:Blob add op Blob((255, 0, 0), 7, (646,490)) + Blob of color: (255, 0, 0), size: 4, location: (648,497))
INFO:root:Blob add op Blob((255, 0, 0), 7, (181,402)) + Blob of color: (0, 0, 255), size: 8, location: (177,414))
INFO:root:Blob add op Blob((255, 0, 0), 4, (648,497)) + Blob of color: (255, 0, 0), size: 7, location: (646,490))
INFO:root:Blob add op Blob((255, 0, 0), 7, (645,493)) + Blob of color: (255, 0, 0), size: 4, location: (651,494))
INFO:root:Blob add op Blob((255, 0, 0), 4, (651,494)) + Blob of color: (255, 0, 0), size: 7, location: (645,493))
INFO:root:Blob add op Blob((255, 0, 0), 7, (645,498)) + Blob of color: (255, 0, 0), size: 4, location: (654,493))
INFO:root:Blob add op Blob((255, 0, 0), 4, (654,493)) + Blob of color: (255, 0, 0), size: 7, location: (645,498))
INFO:root:Blob add op Blob((255, 0, 0), 7, (230,299)) + Blob of color: (0, 255, 0), size: 5, location: (221,304))
INFO:root:Blob add op Blob((255, 0, 0), 7, (256,414)) + Blob of color: (0, 0, 255), size: 6, location: (263,422))
INFO:root:Blob add op Blob((255, 0, 0), 7, (648,488)) + Blob of color: (255, 0, 0), size: 4, location: (656,487))
INFO:root:Blob add op Blob((255, 0, 0), 4, (656,487)) + Blob of color: (255, 0, 0), size: 7, location: (648,488))
INFO:root:Blob add op Blob((255, 0, 0), 7, (651,485)) + Blob of color: (255, 0, 0), size: 4, location: (655,485))
INFO:root:Blob add op Blob((255, 0, 0), 4, (655,485)) + Blob of color: (255, 0, 0), size: 7, location: (651,485))
INFO:root:Blob add op Blob((255, 0, 0), 7, (650,486)) + Blob of color: (255, 0, 0), size: 4, location: (653,483))
INFO:root:Blob add op Blob((255, 0, 0), 4, (653,483)) + Blob of color: (255, 0, 0), size: 7, location: (650,486))
INFO:root:Blob add op Blob((255, 0, 0), 7, (646,486)) + Blob of color: (255, 0, 0), size: 4, location: (652,479))
INFO:root:Blob add op Blob((255, 0, 0), 4, (652,479)) + Blob of color: (255, 0, 0), size: 7, location: (646,486))
INFO:root:Blob add op Blob((255, 0, 0), 1, (268,415)) + Blob of color: (0, 0, 255), size: 5, location: (272,417))
INFO:root:Blob add op Blob((255, 0, 0), 12, (240,286)) + Blob of color: (255, 0, 0), size: 7, location: (225,292))
INFO:root:Blob add op Blob((255, 0, 0), 6, (181,383)) + Blob of color: (255, 0, 0), size: 5, location: (190,377))
INFO:root:Blob add op Blob((255, 0, 0), 7, (225,292)) + Blob of color: (255, 0, 0), size: 12, location: (240,286))
INFO:root:Blob add op Blob((255, 0, 0), 5, (190,377)) + Blob of color: (255, 0, 0), size: 6, location: (181,383))
INFO:root:Blob add op Blob((255, 0, 0), 12, (242,285)) + Blob of color: (255, 0, 0), size: 7, location: (225,293))
INFO:root:Blob add op Blob((255, 0, 0), 7, (225,293)) + Blob of color: (255, 0, 0), size: 12, location: (242,285))
INFO:root:Blob add op Blob((255, 0, 0), 12, (243,292)) + Blob of color: (255, 0, 0), size: 7, location: (225,292))
INFO:root:Blob add op Blob((255, 0, 0), 7, (225,292)) + Blob of color: (255, 0, 0), size: 12, location: (243,292))
INFO:root:Blob add op Blob((255, 0, 0), 6, (180,374)) + Blob of color: (255, 0, 0), size: 5, location: (188,376))
INFO:root:Blob add op Blob((255, 0, 0), 5, (188,376)) + Blob of color: (255, 0, 0), size: 6, location: (180,374))
INFO:root:Blob add op Blob((255, 0, 0), 6, (179,375)) + Blob of color: (255, 0, 0), size: 5, location: (184,374))
INFO:root:Blob add op Blob((255, 0, 0), 5, (184,374)) + Blob of color: (255, 0, 0), size: 6, location: (179,375))
INFO:root:Blob add op Blob((255, 0, 0), 6, (175,377)) + Blob of color: (255, 0, 0), size: 5, location: (184,375))
INFO:root:Blob add op Blob((255, 0, 0), 5, (184,375)) + Blob of color: (255, 0, 0), size: 6, location: (175,377))
INFO:root:Blob add op Blob((255, 0, 0), 6, (179,377)) + Blob of color: (255, 0, 0), size: 5, location: (180,371))
INFO:root:Blob add op Blob((255, 0, 0), 5, (180,371)) + Blob of color: (255, 0, 0), size: 6, location: (179,377))
INFO:root:Blob add op Blob((255, 0, 0), 6, (183,381)) + Blob of color: (255, 0, 0), size: 5, location: (179,374))
INFO:root:Blob add op Blob((255, 0, 0), 5, (179,374)) + Blob of color: (255, 0, 0), size: 6, location: (183,381))
INFO:root:Blob add op Blob((255, 0, 0), 6, (179,385)) + Blob of color: (255, 0, 0), size: 5, location: (183,375))
INFO:root:Blob add op Blob((255, 0, 0), 5, (183,375)) + Blob of color: (255, 0, 0), size: 6, location: (179,385))
INFO:root:Blob add op Blob((255, 0, 0), 6, (177,388)) + Blob of color: (0, 0, 255), size: 9, location: (168,398))
INFO:root:Blob add op Blob((255, 0, 0), 7, (655,499)) + Blob of color: (0, 0, 255), size: 6, location: (648,508))
INFO:root:Blob add op Blob((255, 0, 0), 6, (7,465)) + Blob of color: (0, 0, 255), size: 5, location: (7,459))
INFO:root:Blob add op Blob((255, 0, 0), 1, (659,494)) + Blob of color: (0, 0, 255), size: 5, location: (660,497))
INFO:root:Blob add op Blob((255, 0, 0), 7, (576,214)) + Blob of color: (0, 0, 255), size: 6, location: (584,206))
INFO:root:Blob add op Blob((255, 0, 0), 1, (6,462)) + Blob of color: (0, 0, 255), size: 4, location: (8,458))
INFO:root:Blob add op Blob((255, 0, 0), 4, (73,370)) + Blob of color: (0, 0, 255), size: 5, location: (73,364))
INFO:root:Blob add op Blob((255, 0, 0), 1, (573,211)) + Blob of color: (0, 0, 255), size: 5, location: (576,210))
